[2024-12-20 17:11:36] Change detected: /Users/vandriadis/Downloads/text.txt
[2024-12-20 17:12:50] Change detected: /Users/vandriadis/Downloads/text.txt
[2024-12-21 14:08:09] Change detected: /Users/vandriadis/Downloads/LibreSprite-macos-x86_64.zip
[2024-12-21 14:10:36] File Created: /Users/vandriadis/Downloads/.DS_Store
[2024-12-21 14:10:36] File Deleted: /Users/vandriadis/Downloads/110 уз.mp4
[2024-12-21 14:10:41] File Created: /Users/vandriadis/Downloads/.DS_Store
[2024-12-21 14:18:07] File Deleted: /Users/vandriadis/Downloads/image (11).png
[2024-12-21 14:20:09] File Created: /Users/vandriadis/Downloads/.DS_Store
[2024-12-21 14:20:10] File Deleted: /Users/vandriadis/Downloads/image (10) (1).png
[2024-12-21 14:20:14] File Created: /Users/vandriadis/Downloads/.DS_Store
[2024-12-21 16:41:23] File Deleted: /Users/vandriadis/Downloads/Archive (2)
[2024-12-23 10:14:46] File Deleted: /Users/vandriadis/Downloads/.com.bitrixsoft.bitrix24desktop.W2738Q
[2024-12-23 10:14:46] File Deleted: /Users/vandriadis/Downloads/image (36).png.crdownload
[2024-12-23 10:14:46] File Deleted: /Users/vandriadis/Downloads/image (36).png.crdownload
[2024-12-23 10:14:47] File Created: /Users/vandriadis/Downloads/image (36).png
[2024-12-23 10:14:47] File Created: /Users/vandriadis/Downloads/image (36).png
[2024-12-23 10:44:57] File Created: /Users/vandriadis/Downloads/.DS_Store
[2024-12-23 10:46:21] File Deleted: /Users/vandriadis/Downloads/image (36).png
[2024-12-23 10:46:24] File Created: /Users/vandriadis/Downloads/.DS_Store
[2024-12-23 10:46:37] File Deleted: /Users/vandriadis/Downloads/Docker.dmg
[2024-12-23 10:46:37] File Deleted: /Users/vandriadis/Downloads/Archive (2).zip
[2024-12-23 10:46:37] File Deleted: /Users/vandriadis/Downloads/Archive (1).zip
[2024-12-23 10:46:37] File Deleted: /Users/vandriadis/Downloads/Archive.zip
[2024-12-23 10:46:38] File Deleted: /Users/vandriadis/Downloads/bet2fun (4).apk
[2024-12-23 10:46:38] File Deleted: /Users/vandriadis/Downloads/download.png
[2024-12-23 10:46:38] File Deleted: /Users/vandriadis/Downloads/provider_links.json
[2024-12-23 10:46:46] File Created: /Users/vandriadis/Downloads/.DS_Store
[2024-12-23 10:46:47] File Deleted: /Users/vandriadis/Downloads/chromedriver-mac-arm64
[2024-12-23 10:46:47] File Deleted: /Users/vandriadis/Downloads/chromedriver-mac-arm64 (1).zip
[2024-12-23 10:46:47] File Deleted: /Users/vandriadis/Downloads/chromedriver-mac-arm64.zip
[2024-12-23 10:46:47] File Deleted: /Users/vandriadis/Downloads/DALL·E 2024-11-11 09.24.06 - A logo with the bold letters 'AQA' in a modern, futuristic font. The letters are interconnected by graphic lines or nodes to represent automation. Bac.webp
[2024-12-23 10:46:48] File Deleted: /Users/vandriadis/Downloads/IMG_4858.JPG
[2024-12-23 10:46:48] File Deleted: /Users/vandriadis/Downloads/IMG_4857.JPG
[2024-12-23 10:46:48] File Deleted: /Users/vandriadis/Downloads/IMG_5205 (online-video-cutter.com).mp4
[2024-12-23 10:46:48] File Deleted: /Users/vandriadis/Downloads/IMG_5205.MP4
[2024-12-23 10:46:49] File Deleted: /Users/vandriadis/Downloads/DALL·E 2024-11-08 15.18.46 - A detailed and modern image representing QA Automation with Selenium and Python. The scene shows a desktop environment with a computer screen displayi.webp
[2024-12-23 10:46:49] File Deleted: /Users/vandriadis/Downloads/REC-20241107104756 AM.mp4
[2024-12-23 10:46:49] File Deleted: /Users/vandriadis/Downloads/bet2fun (3).apk
[2024-12-23 10:46:49] File Deleted: /Users/vandriadis/Downloads/language.docs
[2024-12-23 10:46:49] File Deleted: /Users/vandriadis/Downloads/language (2).txt
[2024-12-23 10:46:50] File Deleted: /Users/vandriadis/Downloads/language (1).txt
[2024-12-23 10:46:50] File Deleted: /Users/vandriadis/Downloads/language.txt
[2024-12-23 10:46:50] File Created: /Users/vandriadis/Downloads/.DS_Store
[2024-12-23 10:46:52] File Deleted: /Users/vandriadis/Downloads/Total DB (2).csv
[2024-12-23 10:46:52] File Deleted: /Users/vandriadis/Downloads/83570230.csv
[2024-12-23 10:46:52] File Deleted: /Users/vandriadis/Downloads/83567147.csv
[2024-12-23 10:46:53] File Deleted: /Users/vandriadis/Downloads/83461717.csv
[2024-12-23 10:46:53] File Deleted: /Users/vandriadis/Downloads/System failures (1) (1).xlsx
[2024-12-23 10:46:53] File Deleted: /Users/vandriadis/Downloads/System failures (1).xlsx
[2024-12-23 10:46:53] File Deleted: /Users/vandriadis/Downloads/70487_70483_Photo on 30.10.2024 at 12.26 PM (1).jpg
[2024-12-23 10:46:54] File Deleted: /Users/vandriadis/Downloads/70483_Photo on 30.10.2024 at 12.26 PM (1).jpg
[2024-12-23 10:46:54] File Deleted: /Users/vandriadis/Downloads/70483_Photo on 30.10.2024 at 12.26 PM.jpg
[2024-12-23 10:46:54] File Deleted: /Users/vandriadis/Downloads/Photo on 30.10.2024 at 12.26 PM.jpg
[2024-12-23 10:46:54] File Deleted: /Users/vandriadis/Downloads/history_909282849.html
[2024-12-23 10:46:54] File Deleted: /Users/vandriadis/Downloads/History_909282849.zip
[2024-12-23 10:47:02] File Created: /Users/vandriadis/Downloads/.DS_Store
[2024-12-23 10:47:02] File Deleted: /Users/vandriadis/Downloads/apache-jmeter-5.6.3 2
[2024-12-23 10:47:08] File Created: /Users/vandriadis/Downloads/.DS_Store
[2024-12-23 10:47:19] File Deleted: /Users/vandriadis/Downloads/2024-10-24 7.38.28 PM.mp4
[2024-12-23 10:47:19] File Deleted: /Users/vandriadis/Downloads/IMG_5161.PNG
[2024-12-23 10:47:29] File Created: /Users/vandriadis/Downloads/.DS_Store
[2024-12-23 10:47:30] File Deleted: /Users/vandriadis/Downloads/Technical Specification for a Candidate Applying.docx
[2024-12-23 10:47:30] File Deleted: /Users/vandriadis/Downloads/CheckList_RegistrationAndAuthorization.docx
[2024-12-23 10:47:31] File Deleted: /Users/vandriadis/Downloads/Bogdan Baies_Checklist.docx
[2024-12-23 10:47:31] File Deleted: /Users/vandriadis/Downloads/Bogdan Baies_Bug list (1).docx
[2024-12-23 10:47:31] File Deleted: /Users/vandriadis/Downloads/Bogdan Baies_Test Scenarios.docx
[2024-12-23 10:47:31] File Deleted: /Users/vandriadis/Downloads/IMG_5158.jpg
[2024-12-23 10:47:32] File Deleted: /Users/vandriadis/Downloads/IMG_5157.jpg
[2024-12-23 10:47:32] File Deleted: /Users/vandriadis/Downloads/IMG_5156.jpg
[2024-12-23 10:47:32] File Deleted: /Users/vandriadis/Downloads/CV_Vitalii_Mostovoi_QA_Manual.pdf
[2024-12-23 10:47:32] File Deleted: /Users/vandriadis/Downloads/Razvan CV.pdf
[2024-12-23 10:47:32] File Deleted: /Users/vandriadis/Downloads/Andrei-Cătălin.pdf
[2024-12-23 10:47:33] File Deleted: /Users/vandriadis/Downloads/CV.pdf
[2024-12-23 10:47:33] File Deleted: /Users/vandriadis/Downloads/bet2fun (2).apk
[2024-12-23 10:47:33] File Deleted: /Users/vandriadis/Downloads/IMG_5147.jpg
[2024-12-23 10:47:33] File Deleted: /Users/vandriadis/Downloads/IMG_6443.mp4
[2024-12-23 10:47:34] File Deleted: /Users/vandriadis/Downloads/Bogdan Baies_Bug list.docx
[2024-12-23 10:47:34] File Created: /Users/vandriadis/Downloads/.DS_Store
[2024-12-23 10:47:34] File Deleted: /Users/vandriadis/Downloads/fs-dota (1)
[2024-12-23 10:47:34] File Created: /Users/vandriadis/Downloads/.DS_Store
[2024-12-23 10:47:34] File Deleted: /Users/vandriadis/Downloads/fs-dota (1).zip
[2024-12-23 10:47:38] File Created: /Users/vandriadis/Downloads/.DS_Store
[2024-12-23 10:47:43] File Deleted: /Users/vandriadis/Downloads/2024-10-16 15.22.22.mp4
[2024-12-23 10:47:44] File Deleted: /Users/vandriadis/Downloads/REC-20241016142559.mp4
[2024-12-23 10:47:44] File Deleted: /Users/vandriadis/Downloads/REC-20241016124610.mp4
[2024-12-23 10:47:44] File Deleted: /Users/vandriadis/Downloads/2024-10-16 11.05.18.jpg
[2024-12-23 10:47:44] File Deleted: /Users/vandriadis/Downloads/svg_halloween logo
[2024-12-23 10:47:45] File Deleted: /Users/vandriadis/Downloads/svg_halloween logo.zip
[2024-12-23 10:47:45] File Deleted: /Users/vandriadis/Downloads/2024-10-15 17.51.48.mp4
[2024-12-23 10:47:45] File Deleted: /Users/vandriadis/Downloads/cxtjvo1k (1).png
[2024-12-23 10:47:45] File Deleted: /Users/vandriadis/Downloads/Selection_131 (1).jpg
[2024-12-23 10:47:45] File Deleted: /Users/vandriadis/Downloads/DC_UZ_GREAT_TABLE - TASKS.csv
[2024-12-23 10:47:46] File Deleted: /Users/vandriadis/Downloads/Bug_tracker.csv
[2024-12-23 10:47:46] File Deleted: /Users/vandriadis/Downloads/47076d53-ca0d-4d55-a0e0-efbecebef7c4.png
[2024-12-23 10:47:46] File Deleted: /Users/vandriadis/Downloads/an_1_IE (1).pdf
[2024-12-23 10:47:46] File Deleted: /Users/vandriadis/Downloads/photo_2024-10-09 16.00.21 (1).jpeg
[2024-12-23 10:47:47] File Deleted: /Users/vandriadis/Downloads/image (325).jpg
[2024-12-23 10:47:47] File Deleted: /Users/vandriadis/Downloads/image (324).jpg
[2024-12-23 10:47:47] File Deleted: /Users/vandriadis/Downloads/photo_2024-10-09 14.43.07 (1).jpeg
[2024-12-23 10:47:47] File Deleted: /Users/vandriadis/Downloads/image (323).jpg
[2024-12-23 10:47:48] File Deleted: /Users/vandriadis/Downloads/image (322).jpg
[2024-12-23 10:47:48] File Deleted: /Users/vandriadis/Downloads/an_1_IE.pdf
[2024-12-23 10:47:48] File Deleted: /Users/vandriadis/Downloads/photo_2024-10-09 16.00.21.jpeg
[2024-12-23 10:47:48] File Deleted: /Users/vandriadis/Downloads/photo_2024-10-09 14.43.07.jpeg
[2024-12-23 10:48:32] File Created: /Users/vandriadis/Downloads/.DS_Store
